<?xml version="1.0" encoding="UTF-8"?>
<testng-results ignored="0" total="1" passed="1" failed="0" skipped="0">
  <reporter-output>
    <line>
      <![CDATA[]]>
    </line>
    <line>
      <![CDATA[]]>
    </line>
    <line>
      <![CDATA[]]>
    </line>
    <line>
      <![CDATA[SafeSearch]]>
    </line>
  </reporter-output>
  <suite started-at="2023-07-18T11:01:52 IST" name="Default suite" finished-at="2023-07-18T11:03:01 IST" duration-ms="68788">
    <groups>
    </groups>
    <test started-at="2023-07-18T11:01:52 IST" name="Default test" finished-at="2023-07-18T11:03:01 IST" duration-ms="68788">
      <class name="activeElement.AutoSuggestion">
        <test-method signature="PrintingAutoSuggestion()[pri:0, instance:activeElement.AutoSuggestion@6379eb]" started-at="2023-07-18T11:01:52 IST" name="PrintingAutoSuggestion" finished-at="2023-07-18T11:03:01 IST" duration-ms="68743" status="PASS">
          <reporter-output>
            <line>
              <![CDATA[]]>
            </line>
            <line>
              <![CDATA[]]>
            </line>
            <line>
              <![CDATA[]]>
            </line>
            <line>
              <![CDATA[SafeSearch]]>
            </line>
          </reporter-output>
        </test-method> <!-- PrintingAutoSuggestion -->
      </class> <!-- activeElement.AutoSuggestion -->
    </test> <!-- Default test -->
  </suite> <!-- Default suite -->
</testng-results>
